<?xml version="1.0" encoding="UTF-8"?>
<!-- Generated by org.testng.reporters.JUnitReportReporter -->
<testsuite hostname="Nesmas-MacBook-Pro.local" failures="0" tests="1" name="course_pakege.RestAssured" time="0.065" errors="0" timestamp="2021-11-09T15:39:37 EET" skipped="0">
  <testcase classname="course_pakege.RestAssured" name="deleteCourseTC" time="0.065"/>
  <system-out/>
</testsuite> <!-- course_pakege.RestAssured -->
