<?xml version="1.0" encoding="UTF-8"?>
<!-- Generated by org.testng.reporters.JUnitReportReporter -->
<testsuite hostname="Nesmas-MacBook-Pro.local" failures="0" tests="1" name="course_pakege.RestAssured" time="0.800" errors="0" timestamp="2021-11-10T09:42:15 EET" skipped="0">
  <testcase classname="course_pakege.RestAssured" name="getAllCoursesTC" time="0.800"/>
  <system-out/>
</testsuite> <!-- course_pakege.RestAssured -->
